\BOOKMARK [1][-]{section.1}{\376\377\133\236\232\214\166\356\166\204}{}% 1
\BOOKMARK [1][-]{section.2}{\376\377\133\236\232\214\123\237\164\006}{}% 2
\BOOKMARK [1][-]{section.3}{\376\377\133\236\232\214\121\205\133\271}{}% 3
\BOOKMARK [2][-]{subsection.3.1}{\376\377\000I\000I\000R\156\344\154\342\126\150\213\276\213\241}{section.3}% 4
\BOOKMARK [3][-]{subsubsection.3.1.1}{}{subsection.3.1}% 5
\BOOKMARK [3][-]{subsubsection.3.1.2}{}{subsection.3.1}% 6
\BOOKMARK [3][-]{subsubsection.3.1.3}{}{subsection.3.1}% 7
\BOOKMARK [2][-]{subsection.3.2}{\376\377\000F\000I\000R\156\344\154\342\126\150\213\276\213\241}{section.3}% 8
\BOOKMARK [3][-]{subsubsection.3.2.1}{}{subsection.3.2}% 9
\BOOKMARK [3][-]{subsubsection.3.2.2}{}{subsection.3.2}% 10
\BOOKMARK [3][-]{subsubsection.3.2.3}{}{subsection.3.2}% 11
\BOOKMARK [2][-]{subsection.3.3}{\376\377\156\344\154\342\126\150\162\171\140\047\122\006\147\220}{section.3}% 12
\BOOKMARK [3][-]{subsubsection.3.3.1}{\376\377\232\330\220\032}{subsection.3.3}% 13
\BOOKMARK [3][-]{subsubsection.3.3.2}{\376\377\117\116\220\032}{subsection.3.3}% 14
\BOOKMARK [3][-]{subsubsection.3.3.3}{\376\377\136\046\220\032}{subsection.3.3}% 15
\BOOKMARK [2][-]{subsection.3.4}{\376\377\156\344\154\342\126\150\166\204\133\236\226\105\217\320\165\050}{section.3}% 16
\BOOKMARK [3][-]{subsubsection.3.4.1}{}{subsection.3.4}% 17
\BOOKMARK [3][-]{subsubsection.3.4.2}{}{subsection.3.4}% 18
\BOOKMARK [3][-]{subsubsection.3.4.3}{}{subsection.3.4}% 19
\BOOKMARK [3][-]{subsubsection.3.4.4}{}{subsection.3.4}% 20
\BOOKMARK [1][-]{section.4}{\376\377\140\073\176\323}{}% 21
