\BOOKMARK [1][-]{section.1}{\376\377\176\352\213\272}{}% 1
\BOOKMARK [2][-]{subsection.1.1}{\376\377\211\306\230\221\177\026\170\001\151\202\217\360}{section.1}% 2
\BOOKMARK [2][-]{subsection.1.2}{\376\377\145\160\143\156\123\213\177\051\123\237\164\006}{section.1}% 3
\BOOKMARK [2][-]{subsection.1.3}{\376\377\211\306\230\221\177\026\170\001\150\007\121\306}{section.1}% 4
\BOOKMARK [3][-]{subsubsection.1.3.1}{\376\377\000H\000.\0002\0006\000x\174\373\122\027}{subsection.1.3}% 5
\BOOKMARK [3][-]{subsubsection.1.3.2}{\376\377\000M\000P\000E\000G\174\373\122\027}{subsection.1.3}% 6
\BOOKMARK [2][-]{subsection.1.4}{\376\377\000H\000.\0002\0006\0005\000/\000H\000E\000V\000C\173\200\116\313}{section.1}% 7
\BOOKMARK [3][-]{subsubsection.1.4.1}{\376\377\150\007\121\306\123\026\123\206\172\013}{subsection.1.4}% 8
\BOOKMARK [3][-]{subsubsection.1.4.2}{\376\377\177\026\170\001\150\106\147\266}{subsection.1.4}% 9
\BOOKMARK [1][-]{section.2}{\376\377\177\026\170\001\176\323\147\204}{}% 10
\BOOKMARK [2][-]{subsection.2.1}{\376\377\000H\000E\000V\000C\177\026\170\001\176\323\147\204\173\200\116\313}{section.2}% 11
\BOOKMARK [2][-]{subsection.2.2}{\376\377\127\127\122\006\122\162}{section.2}% 12
\BOOKMARK [3][-]{subsubsection.2.2.1}{\376\377\000C\000T\000U\116\016\000C\000T\000B}{subsection.2.2}% 13
\BOOKMARK [3][-]{subsubsection.2.2.2}{\376\377\000C\000T\000U\116\016\000C\000U}{subsection.2.2}% 14
\BOOKMARK [3][-]{subsubsection.2.2.3}{\376\377\000P\000B\116\016\000P\000U}{subsection.2.2}% 15
\BOOKMARK [3][-]{subsubsection.2.2.4}{\376\377\153\213\135\356\126\333\123\311\150\021\000\050\000R\000Q\000T\000\051\000,\000T\000B\116\016\000T\000U}{subsection.2.2}% 16
\BOOKMARK [3][-]{subsubsection.2.2.5}{\376\377\000H\000E\000V\000C\133\230\145\271\177\026\000/\211\343\170\001\126\150\000H\000M\135\345\117\134\155\101\172\013}{subsection.2.2}% 17
\BOOKMARK [1][-]{section.3}{\376\377\230\204\155\113\177\026\170\001}{}% 18
\BOOKMARK [1][-]{section.4}{\376\377\123\330\143\142\177\026\170\001\116\016\221\317\123\026}{}% 19
\BOOKMARK [1][-]{section.5}{\376\377\163\257\215\357\156\344\154\342}{}% 20
\BOOKMARK [1][-]{section.6}{\376\377\161\265\177\026\170\001}{}% 21
\BOOKMARK [2][-]{subsection.6.1}{\376\377\161\265\177\026\170\001\151\202\217\360}{section.6}% 22
\BOOKMARK [2][-]{subsection.6.2}{\376\377\173\227\147\057\177\026\170\001}{section.6}% 23
\BOOKMARK [2][-]{subsection.6.3}{\376\377\000C\000A\000B\000A\000C}{section.6}% 24
\BOOKMARK [3][-]{subsubsection.6.3.1}{\376\377\000C\000A\000B\000A\000C\151\202\211\310}{subsection.6.3}% 25
\BOOKMARK [3][-]{subsubsection.6.3.2}{\376\377\116\214\217\333\122\066\123\026}{subsection.6.3}% 26
\BOOKMARK [3][-]{subsubsection.6.3.3}{\376\377\116\012\116\013\145\207\136\372\152\041}{subsection.6.3}% 27
\BOOKMARK [3][-]{subsubsection.6.3.4}{\376\377\145\340\116\130\154\325\116\214\217\333\122\066\173\227\147\057\177\026\170\001}{subsection.6.3}% 28
\BOOKMARK [4][-]{paragraph.6.3.4.1}{\376\377\136\070\211\304\177\026\170\001\152\041\137\017}{subsubsection.6.3.4}% 29
\BOOKMARK [4][-]{paragraph.6.3.4.2}{\376\377\145\301\215\357\177\026\170\001\152\041\137\017}{subsubsection.6.3.4}% 30
\BOOKMARK [4][-]{paragraph.6.3.4.3}{\376\377\137\353\220\037\221\315\137\122\116\000\123\026}{subsubsection.6.3.4}% 31
\BOOKMARK [4][-]{paragraph.6.3.4.4}{\376\377\176\323\147\137\150\007\213\306}{subsubsection.6.3.4}% 32
\BOOKMARK [3][-]{subsubsection.6.3.5}{\376\377\000C\000A\000B\000A\000C\155\101\172\013}{subsection.6.3}% 33
\BOOKMARK [3][-]{subsubsection.6.3.6}{\376\377\217\320\210\114\145\110\163\207}{subsection.6.3}% 34
\BOOKMARK [1][-]{section.7}{\376\377\121\166\116\326}{}% 35
