This is XeTeX, Version 3.14159265-2.6-0.99999 (TeX Live 2018) (preloaded format=xelatex 2018.12.4)  16 JAN 2019 10:27
entering extended mode
 restricted \write18 enabled.
 file:line:error style messages enabled.
 %&-line parsing enabled.
**/home/chjz/Desktop/tex/hevc/intro
(/home/chjz/Desktop/tex/hevc/intro.tex
LaTeX2e <2018-04-01> patch level 5
(/usr/local/texlive/2018/texmf-dist/tex/latex/base/article.cls
Document Class: article 2014/09/29 v1.4h Standard LaTeX document class
(/usr/local/texlive/2018/texmf-dist/tex/latex/base/size12.clo
File: size12.clo 2014/09/29 v1.4h Standard LaTeX file (size option)
)
\c@part=\count80
\c@section=\count81
\c@subsection=\count82
\c@subsubsection=\count83
\c@paragraph=\count84
\c@subparagraph=\count85
\c@figure=\count86
\c@table=\count87
\abovecaptionskip=\skip41
\belowcaptionskip=\skip42
\bibindent=\dimen102
) (/usr/local/texlive/2018/texmf-dist/tex/latex/ctex/ctex.sty (/usr/local/texlive/2018/texmf-dist/tex/latex/l3kernel/expl3.sty
Package: expl3 2018-11-19 L3 programming layer (loader) 
 (/usr/local/texlive/2018/texmf-dist/tex/latex/l3kernel/expl3-code.tex
Package: expl3 2018-11-19 L3 programming layer (code)
\c_max_int=\count88
\l_tmpa_int=\count89
\l_tmpb_int=\count90
\g_tmpa_int=\count91
\g_tmpb_int=\count92
\g__kernel_prg_map_int=\count93
\c_log_iow=\count94
\l_iow_line_count_int=\count95
\l__iow_line_target_int=\count96
\l__iow_one_indent_int=\count97
\l__iow_indent_int=\count98
\c_zero_dim=\dimen103
\c_max_dim=\dimen104
\l_tmpa_dim=\dimen105
\l_tmpb_dim=\dimen106
\g_tmpa_dim=\dimen107
\g_tmpb_dim=\dimen108
\c_zero_skip=\skip43
\c_max_skip=\skip44
\l_tmpa_skip=\skip45
\l_tmpb_skip=\skip46
\g_tmpa_skip=\skip47
\g_tmpb_skip=\skip48
\c_zero_muskip=\muskip10
\c_max_muskip=\muskip11
\l_tmpa_muskip=\muskip12
\l_tmpb_muskip=\muskip13
\g_tmpa_muskip=\muskip14
\g_tmpb_muskip=\muskip15
\l_keys_choice_int=\count99
\l__intarray_loop_int=\count100
\c__intarray_sp_dim=\dimen109
\g__intarray_font_int=\count101
\c__fp_leading_shift_int=\count102
\c__fp_middle_shift_int=\count103
\c__fp_trailing_shift_int=\count104
\c__fp_big_leading_shift_int=\count105
\c__fp_big_middle_shift_int=\count106
\c__fp_big_trailing_shift_int=\count107
\c__fp_Bigg_leading_shift_int=\count108
\c__fp_Bigg_middle_shift_int=\count109
\c__fp_Bigg_trailing_shift_int=\count110
\g__fp_array_int=\count111
\l__fp_array_loop_int=\count112
\l__sort_length_int=\count113
\l__sort_min_int=\count114
\l__sort_top_int=\count115
\l__sort_max_int=\count116
\l__sort_true_max_int=\count117
\l__sort_block_int=\count118
\l__sort_begin_int=\count119
\l__sort_end_int=\count120
\l__sort_A_int=\count121
\l__sort_B_int=\count122
\l__sort_C_int=\count123
\l__tl_analysis_normal_int=\count124
\l__tl_analysis_index_int=\count125
\l__tl_analysis_nesting_int=\count126
\l__tl_analysis_type_int=\count127
\l__regex_internal_a_int=\count128
\l__regex_internal_b_int=\count129
\l__regex_internal_c_int=\count130
\l__regex_balance_int=\count131
\l__regex_group_level_int=\count132
\l__regex_mode_int=\count133
\c__regex_cs_in_class_mode_int=\count134
\c__regex_cs_mode_int=\count135
\l__regex_catcodes_int=\count136
\l__regex_default_catcodes_int=\count137
\c__regex_catcode_L_int=\count138
\c__regex_catcode_O_int=\count139
\c__regex_catcode_A_int=\count140
\c__regex_all_catcodes_int=\count141
\l__regex_show_lines_int=\count142
\l__regex_min_state_int=\count143
\l__regex_max_state_int=\count144
\l__regex_left_state_int=\count145
\l__regex_right_state_int=\count146
\l__regex_capturing_group_int=\count147
\l__regex_min_pos_int=\count148
\l__regex_max_pos_int=\count149
\l__regex_curr_pos_int=\count150
\l__regex_start_pos_int=\count151
\l__regex_success_pos_int=\count152
\l__regex_curr_char_int=\count153
\l__regex_curr_catcode_int=\count154
\l__regex_last_char_int=\count155
\l__regex_case_changed_char_int=\count156
\l__regex_curr_state_int=\count157
\l__regex_step_int=\count158
\l__regex_min_active_int=\count159
\l__regex_max_active_int=\count160
\l__regex_replacement_csnames_int=\count161
\l__regex_match_count_int=\count162
\l__regex_min_submatch_int=\count163
\l__regex_submatch_int=\count164
\l__regex_zeroth_submatch_int=\count165
\g__regex_trace_regex_int=\count166
\c_empty_box=\box26
\l_tmpa_box=\box27
\l_tmpb_box=\box28
\g_tmpa_box=\box29
\g_tmpb_box=\box30
\l__box_top_dim=\dimen110
\l__box_bottom_dim=\dimen111
\l__box_left_dim=\dimen112
\l__box_right_dim=\dimen113
\l__box_top_new_dim=\dimen114
\l__box_bottom_new_dim=\dimen115
\l__box_left_new_dim=\dimen116
\l__box_right_new_dim=\dimen117
\l__box_internal_box=\box31
\l__coffin_internal_box=\box32
\l__coffin_internal_dim=\dimen118
\l__coffin_offset_x_dim=\dimen119
\l__coffin_offset_y_dim=\dimen120
\l__coffin_x_dim=\dimen121
\l__coffin_y_dim=\dimen122
\l__coffin_x_prime_dim=\dimen123
\l__coffin_y_prime_dim=\dimen124
\c_empty_coffin=\box33
\l__coffin_aligned_coffin=\box34
\l__coffin_aligned_internal_coffin=\box35
\l_tmpa_coffin=\box36
\l_tmpb_coffin=\box37
\l__coffin_display_coffin=\box38
\l__coffin_display_coord_coffin=\box39
\l__coffin_display_pole_coffin=\box40
\l__coffin_display_offset_dim=\dimen125
\l__coffin_display_x_dim=\dimen126
\l__coffin_display_y_dim=\dimen127
\g__file_internal_ior=\read1
\l__coffin_bounding_shift_dim=\dimen128
\l__coffin_left_corner_dim=\dimen129
\l__coffin_right_corner_dim=\dimen130
\l__coffin_bottom_corner_dim=\dimen131
\l__coffin_top_corner_dim=\dimen132
\l__coffin_scaled_total_height_dim=\dimen133
\l__coffin_scaled_width_dim=\dimen134
) (/usr/local/texlive/2018/texmf-dist/tex/latex/l3kernel/l3xdvipdfmx.def
File: l3xdvidpfmx.def 2018-11-19 v L3 Experimental driver: xdvipdfmx
\g__driver_image_int=\count167
\g__driver_pdf_object_int=\count168
))
Package: ctex 2018/05/02 v2.4.14 Chinese adapter in LaTeX (CTEX)
 (/usr/local/texlive/2018/texmf-dist/tex/latex/l3packages/xparse/xparse.sty
Package: xparse 2018-10-17 L3 Experimental document command parser
\l__xparse_current_arg_int=\count169
\g__xparse_grabber_int=\count170
\l__xparse_m_args_int=\count171
\l__xparse_mandatory_args_int=\count172
\l__xparse_v_nesting_int=\count173
) (/usr/local/texlive/2018/texmf-dist/tex/latex/l3packages/l3keys2e/l3keys2e.sty
Package: l3keys2e 2018-10-17 LaTeX2e option processing using LaTeX3 keys
) (/usr/local/texlive/2018/texmf-dist/tex/latex/ctex/ctexhook.sty
Package: ctexhook 2018/05/02 v2.4.14 Document and package hooks (CTEX)
) (/usr/local/texlive/2018/texmf-dist/tex/latex/ctex/ctexpatch.sty
Package: ctexpatch 2018/05/02 v2.4.14 Patching commands (CTEX)
) (/usr/local/texlive/2018/texmf-dist/tex/latex/base/fix-cm.sty
Package: fix-cm 2015/01/14 v1.1t fixes to LaTeX
 (/usr/local/texlive/2018/texmf-dist/tex/latex/base/ts1enc.def
File: ts1enc.def 2001/06/05 v3.0e (jk/car/fm) Standard LaTeX file
)) (/usr/local/texlive/2018/texmf-dist/tex/latex/ms/everysel.sty
Package: everysel 2011/10/28 v1.2 EverySelectfont Package (MS)
)
\l__ctex_tmp_int=\count174
\l__ctex_tmp_box=\box41
\l__ctex_tmp_dim=\dimen135
\g__ctex_font_size_flag=\count175
 (/usr/local/texlive/2018/texmf-dist/tex/latex/ctex/config/ctexopts.cfg
File: ctexopts.cfg 2018/05/02 v2.4.14 Option configuration file (CTEX)
) (/usr/local/texlive/2018/texmf-dist/tex/latex/ctex/engine/ctex-engine-xetex.def
File: ctex-engine-xetex.def 2018/05/02 v2.4.14 XeLaTeX adapter (CTEX)
 (/usr/local/texlive/2018/texmf-dist/tex/xelatex/xecjk/xeCJK.sty
Package: xeCJK 2018/04/30 v3.7.1 Typesetting CJK scripts with XeLaTeX
 (/usr/local/texlive/2018/texmf-dist/tex/latex/l3packages/xtemplate/xtemplate.sty
Package: xtemplate 2018-10-17 L3 Experimental prototype document functions
\l__xtemplate_tmp_dim=\dimen136
\l__xtemplate_tmp_int=\count176
\l__xtemplate_tmp_muskip=\muskip16
\l__xtemplate_tmp_skip=\skip49
)
\l__xeCJK_tmp_int=\count177
\l__xeCJK_tmp_box=\box42
\l__xeCJK_tmp_dim=\dimen137
\l__xeCJK_tmp_skip=\skip50
\g__xeCJK_space_factor_int=\count178
\l__xeCJK_begin_int=\count179
\l__xeCJK_end_int=\count180
\c__xeCJK_CJK_class_int=\XeTeXcharclass1
\c__xeCJK_FullLeft_class_int=\XeTeXcharclass2
\c__xeCJK_FullRight_class_int=\XeTeXcharclass3
\c__xeCJK_HalfLeft_class_int=\XeTeXcharclass4
\c__xeCJK_HalfRight_class_int=\XeTeXcharclass5
\c__xeCJK_NormalSpace_class_int=\XeTeXcharclass6
\c__xeCJK_CM_class_int=\XeTeXcharclass7
\c__xeCJK_HangulJamo_class_int=\XeTeXcharclass8
\l__xeCJK_last_skip=\skip51
\g__xeCJK_node_int=\count181
\c__xeCJK_CJK_node_dim=\dimen138
\c__xeCJK_CJK-space_node_dim=\dimen139
\c__xeCJK_default_node_dim=\dimen140
\c__xeCJK_default-space_node_dim=\dimen141
\c__xeCJK_CJK-widow_node_dim=\dimen142
\c__xeCJK_normalspace_node_dim=\dimen143
\l__xeCJK_ccglue_skip=\skip52
\l__xeCJK_ecglue_skip=\skip53
\l__xeCJK_punct_kern_skip=\skip54
\l__xeCJK_last_penalty_int=\count182
\l__xeCJK_last_bound_dim=\dimen144
\l__xeCJK_last_kern_dim=\dimen145
\l__xeCJK_widow_penalty_int=\count183

Package xtemplate Info: Declaring object type 'xeCJK/punctuation' taking 0
(xtemplate)             argument(s) on line 2362.

\l__xeCJK_fixed_punct_width_dim=\dimen146
\l__xeCJK_mixed_punct_width_dim=\dimen147
\l__xeCJK_middle_punct_width_dim=\dimen148
\l__xeCJK_fixed_margin_width_dim=\dimen149
\l__xeCJK_mixed_margin_width_dim=\dimen150
\l__xeCJK_middle_margin_width_dim=\dimen151
\l__xeCJK_bound_punct_width_dim=\dimen152
\l__xeCJK_bound_margin_width_dim=\dimen153
\l__xeCJK_margin_minimum_dim=\dimen154
\l__xeCJK_kerning_total_width_dim=\dimen155
\l__xeCJK_same_align_margin_dim=\dimen156
\l__xeCJK_different_align_margin_dim=\dimen157
\l__xeCJK_kerning_margin_width_dim=\dimen158
\l__xeCJK_kerning_margin_minimum_dim=\dimen159
\l__xeCJK_bound_dim=\dimen160
\l__xeCJK_reverse_bound_dim=\dimen161
\l__xeCJK_minimum_bound_dim=\dimen162
\l__xeCJK_kerning_margin_dim=\dimen163
\l__xeCJK_original_margin_dim=\dimen164
\g__xeCJK_family_int=\count184
\l__xeCJK_fam_int=\count185
\g__xeCJK_fam_allocation_int=\count186
\l__xeCJK_verb_case_int=\count187
\l__xeCJK_verb_exspace_skip=\skip55
 (/usr/local/texlive/2018/texmf-dist/tex/latex/fontspec/fontspec.sty
Package: fontspec 2018/07/30 vv2.6h Font selection for XeLaTeX and LuaLaTeX
 (/usr/local/texlive/2018/texmf-dist/tex/latex/fontspec/fontspec-xetex.sty
Package: fontspec-xetex 2018/07/30 vv2.6h Font selection for XeLaTeX and LuaLaTeX
\l__fontspec_script_int=\count188
\l__fontspec_language_int=\count189
\l__fontspec_strnum_int=\count190
\l__fontspec_tmp_int=\count191
\l__fontspec_em_int=\count192
\l__fontspec_emdef_int=\count193
\l__fontspec_strong_int=\count194
\l__fontspec_strongdef_int=\count195
\l__fontspec_tmpa_dim=\dimen165
\l__fontspec_tmpb_dim=\dimen166
\l__fontspec_tmpc_dim=\dimen167
 (/usr/local/texlive/2018/texmf-dist/tex/latex/base/fontenc.sty
Package: fontenc 2017/04/05 v2.0i Standard LaTeX package
 (/usr/local/texlive/2018/texmf-dist/tex/latex/base/tuenc.def
File: tuenc.def 2017/04/05 v2.0i Standard LaTeX file
LaTeX Font Info:    Redeclaring font encoding TU on input line 82.
)) (/usr/local/texlive/2018/texmf-dist/tex/latex/fontspec/fontspec.cfg)
LaTeX Info: Redefining \itshape on input line 3910.
LaTeX Info: Redefining \slshape on input line 3915.
LaTeX Info: Redefining \scshape on input line 3920.
LaTeX Info: Redefining \upshape on input line 3925.
LaTeX Info: Redefining \em on input line 3955.
LaTeX Info: Redefining \emph on input line 3980.
LaTeX Info: Redefining \- on input line 4034.
)) (/usr/local/texlive/2018/texmf-dist/tex/xelatex/xecjk/xeCJK.cfg
File: xeCJK.cfg 2018/04/30 v3.7.1 Configuration file for xeCJK package
)) (/usr/local/texlive/2018/texmf-dist/tex/xelatex/xecjk/xeCJKfntef.sty
Package: xeCJKfntef 2018/04/30 v3.7.1 xeCJK font effect
 (/usr/local/texlive/2018/texmf-dist/tex/generic/ulem/ulem.sty
\UL@box=\box43
\UL@hyphenbox=\box44
\UL@skip=\skip56
\UL@hook=\toks14
\UL@height=\dimen168
\UL@pe=\count196
\UL@pixel=\dimen169
\ULC@box=\box45
Package: ulem 2012/05/18
\ULdepth=\dimen170
) (/usr/local/texlive/2018/texmf-dist/tex/latex/environ/environ.sty
Package: environ 2014/05/04 v0.3 A new way to define environments
 (/usr/local/texlive/2018/texmf-dist/tex/latex/trimspaces/trimspaces.sty
Package: trimspaces 2009/09/17 v1.1 Trim spaces around a token list
)
\@envbody=\toks15
) (/usr/local/texlive/2018/texmf-dist/tex/latex/cjk/texinput/CJKfntef.sty
Package: CJKfntef 2015/04/18 4.8.4
\CJK@fntefSkip=\skip57
\CJK@nest=\count197
\CJK@fntefDimen=\dimen171
\CJK@underdotBox=\box46
\CJK@ULbox=\box47
\CJK@underanyskip=\dimen172
)
\l__xeCJK_space_skip=\skip58
\c__xeCJK_ulem-begin_node_dim=\dimen173
\c__xeCJK_null_box=\box48
\l__xeCJK_fntef_box=\box49
\l__xeCJK_under_symbol_box=\box50
\c__xeCJK_filll_skip=\skip59
)
\ccwd=\dimen174
\l__ctex_ccglue_skip=\skip60
)
\l__ctex_ziju_dim=\dimen175
 (/usr/local/texlive/2018/texmf-dist/tex/latex/zhnumber/zhnumber.sty
Package: zhnumber 2018/01/28 v2.6 Typesetting numbers with Chinese glyphs
\l__zhnum_scale_int=\count198
 (/usr/local/texlive/2018/texmf-dist/tex/latex/zhnumber/zhnumber-utf8.cfg
File: zhnumber-utf8.cfg 2018/01/28 v2.6 Chinese numerals with UTF8 encoding
)) (/usr/local/texlive/2018/texmf-dist/tex/latex/ctex/scheme/ctex-scheme-chinese.def
File: ctex-scheme-chinese.def 2018/05/02 v2.4.14 Chinese scheme for generic (CTEX)
 (/usr/local/texlive/2018/texmf-dist/tex/latex/ctex/config/ctex-name-utf8.cfg
File: ctex-name-utf8.cfg 2018/05/02 v2.4.14 Caption with encoding UTF8 (CTEX)
)) (/usr/local/texlive/2018/texmf-dist/tex/latex/tools/indentfirst.sty
Package: indentfirst 1995/11/23 v1.03 Indent first paragraph (DPC)
) (/usr/local/texlive/2018/texmf-dist/tex/latex/ctex/fontset/ctex-fontset-fandol.def
File: ctex-fontset-fandol.def 2018/05/02 v2.4.14 Fandol fonts definition (CTEX)


Package fontspec Warning: Font 'FandolSong-Regular' does not contain script
(fontspec)                'CJK'.


Package fontspec Info: Font family 'FandolSong-Regular(0)' created for font
(fontspec)             'FandolSong-Regular' with options
(fontspec)             [Script={CJK},Extension={.otf},BoldFont={FandolSong-Bold},ItalicFont={FandolKai-Regular}].
(fontspec)              
(fontspec)              This font family consists of the following NFSS
(fontspec)             series/shapes:
(fontspec)              
(fontspec)             - 'normal' (m/n) with NFSS spec.:
(fontspec)             <->"[FandolSong-Regular.otf]/OT"
(fontspec)             - 'small caps'  (m/sc) with NFSS spec.: 
(fontspec)             - 'bold' (bx/n) with NFSS spec.:
(fontspec)             <->"[FandolSong-Bold.otf]/OT"
(fontspec)             - 'bold small caps'  (bx/sc) with NFSS spec.: 
(fontspec)             - 'italic' (m/it) with NFSS spec.:
(fontspec)             <->"[FandolKai-Regular.otf]/OT"
(fontspec)             - 'italic small caps'  (m/itsc) with NFSS spec.: 

)) (/usr/local/texlive/2018/texmf-dist/tex/latex/ctex/config/ctex.cfg
File: ctex.cfg 2018/05/02 v2.4.14 Configuration file (CTEX)
) (/usr/local/texlive/2018/texmf-dist/tex/latex/graphics/graphicx.sty
Package: graphicx 2017/06/01 v1.1a Enhanced LaTeX Graphics (DPC,SPQR)
 (/usr/local/texlive/2018/texmf-dist/tex/latex/graphics/keyval.sty
Package: keyval 2014/10/28 v1.15 key=value parser (DPC)
\KV@toks@=\toks16
) (/usr/local/texlive/2018/texmf-dist/tex/latex/graphics/graphics.sty
Package: graphics 2017/06/25 v1.2c Standard LaTeX Graphics (DPC,SPQR)
 (/usr/local/texlive/2018/texmf-dist/tex/latex/graphics/trig.sty
Package: trig 2016/01/03 v1.10 sin cos tan (DPC)
) (/usr/local/texlive/2018/texmf-dist/tex/latex/graphics-cfg/graphics.cfg
File: graphics.cfg 2016/06/04 v1.11 sample graphics configuration
)
Package graphics Info: Driver file: xetex.def on input line 99.
 (/usr/local/texlive/2018/texmf-dist/tex/latex/graphics-def/xetex.def
File: xetex.def 2017/06/24 v5.0h Graphics/color driver for xetex
))
\Gin@req@height=\dimen176
\Gin@req@width=\dimen177
) (/usr/local/texlive/2018/texmf-dist/tex/latex/float/float.sty
Package: float 2001/11/08 v1.3d Float enhancements (AL)
\c@float@type=\count199
\float@exts=\toks17
\float@box=\box51
\@float@everytoks=\toks18
\@floatcapt=\box52
) (/usr/local/texlive/2018/texmf-dist/tex/latex/cite/cite.sty
LaTeX Info: Redefining \cite on input line 302.
LaTeX Info: Redefining \nocite on input line 332.
Package: cite 2015/02/27  v 5.5
) (/usr/local/texlive/2018/texmf-dist/tex/latex/amsmath/amsmath.sty
Package: amsmath 2017/09/02 v2.17a AMS math features
\@mathmargin=\skip61

For additional information on amsmath, use the `?' option.
(/usr/local/texlive/2018/texmf-dist/tex/latex/amsmath/amstext.sty
Package: amstext 2000/06/29 v2.01 AMS text
 (/usr/local/texlive/2018/texmf-dist/tex/latex/amsmath/amsgen.sty
File: amsgen.sty 1999/11/30 v2.0 generic functions
\@emptytoks=\toks19
\ex@=\dimen178
)) (/usr/local/texlive/2018/texmf-dist/tex/latex/amsmath/amsbsy.sty
Package: amsbsy 1999/11/29 v1.2d Bold Symbols
\pmbraise@=\dimen179
) (/usr/local/texlive/2018/texmf-dist/tex/latex/amsmath/amsopn.sty
Package: amsopn 2016/03/08 v2.02 operator names
)
\inf@bad=\count266
LaTeX Info: Redefining \frac on input line 213.
\uproot@=\count267
\leftroot@=\count268
LaTeX Info: Redefining \overline on input line 375.
\classnum@=\count269
\DOTSCASE@=\count270
LaTeX Info: Redefining \ldots on input line 472.
LaTeX Info: Redefining \dots on input line 475.
LaTeX Info: Redefining \cdots on input line 596.
\Mathstrutbox@=\box53
\strutbox@=\box54
\big@size=\dimen180
LaTeX Font Info:    Redeclaring font encoding OML on input line 712.
LaTeX Font Info:    Redeclaring font encoding OMS on input line 713.
\macc@depth=\count271
\c@MaxMatrixCols=\count272
\dotsspace@=\muskip17
\c@parentequation=\count273
\dspbrk@lvl=\count274
\tag@help=\toks20
\row@=\count275
\column@=\count276
\maxfields@=\count277
\andhelp@=\toks21
\eqnshift@=\dimen181
\alignsep@=\dimen182
\tagshift@=\dimen183
\tagwidth@=\dimen184
\totwidth@=\dimen185
\lineht@=\dimen186
\@envbody=\toks22
\multlinegap=\skip62
\multlinetaggap=\skip63
\mathdisplay@stack=\toks23
LaTeX Info: Redefining \[ on input line 2817.
LaTeX Info: Redefining \] on input line 2818.
) (/usr/local/texlive/2018/texmf-dist/tex/latex/tools/verbatim.sty
Package: verbatim 2014/10/28 v1.5q LaTeX2e package for verbatim enhancements
\every@verbatim=\toks24
\verbatim@line=\toks25
\verbatim@in@stream=\read2
) (/usr/local/texlive/2018/texmf-dist/tex/latex/chngcntr/chngcntr.sty
Package: chngcntr 2018/04/09 v1.1a change counter resetting
Package chngcntr Info: \counterwithout already defined.
(chngcntr)             Quitting chngcntr on input line 21.
) (/usr/local/texlive/2018/texmf-dist/tex/latex/jknapltx/mathrsfs.sty
Package: mathrsfs 1996/01/01 Math RSFS package v1.0 (jk)
\symrsfs=\mathgroup4
) (/usr/local/texlive/2018/texmf-dist/tex/latex/subfig/subfig.sty
Package: subfig 2005/06/28 ver: 1.3 subfig package
 (/usr/local/texlive/2018/texmf-dist/tex/latex/caption/caption.sty
Package: caption 2018/10/06 v3.3-154 Customizing captions (AR)
 (/usr/local/texlive/2018/texmf-dist/tex/latex/caption/caption3.sty
Package: caption3 2018/09/12 v1.8c caption3 kernel (AR)
Package caption3 Info: TeX engine: e-TeX on input line 64.
\captionmargin=\dimen187
\captionmargin@=\dimen188
\captionwidth=\dimen189
\caption@tempdima=\dimen190
\caption@indent=\dimen191
\caption@parindent=\dimen192
\caption@hangindent=\dimen193
)
\c@caption@flags=\count278
\c@ContinuedFloat=\count279
Package caption Info: float package is loaded.
)
\c@KVtest=\count280
\sf@farskip=\skip64
\sf@captopadj=\dimen194
\sf@capskip=\skip65
\sf@nearskip=\skip66
\c@subfigure=\count281
\c@subfigure@save=\count282
\c@lofdepth=\count283
\c@subtable=\count284
\c@subtable@save=\count285
\c@lotdepth=\count286
\sf@top=\skip67
\sf@bottom=\skip68
) (/usr/local/texlive/2018/texmf-dist/tex/latex/base/inputenc.sty
Package: inputenc 2018/04/06 v1.3b Input encoding file
\inpenc@prehook=\toks26
\inpenc@posthook=\toks27
) (/usr/local/texlive/2018/texmf-dist/tex/latex/fancyhdr/fancyhdr.sty
Package: fancyhdr 2017/06/30 v3.9a Extensive control of page headers and footers
\f@nch@headwidth=\skip69
\f@nch@O@elh=\skip70
\f@nch@O@erh=\skip71
\f@nch@O@olh=\skip72
\f@nch@O@orh=\skip73
\f@nch@O@elf=\skip74
\f@nch@O@erf=\skip75
\f@nch@O@olf=\skip76
\f@nch@O@orf=\skip77
) (/usr/local/texlive/2018/texmf-dist/tex/latex/preprint/fullpage.sty
Package: fullpage 1999/02/23 1.1 (PWD)
\FP@margin=\skip78
) (/usr/local/texlive/2018/texmf-dist/tex/latex/multirow/multirow.sty
Package: multirow 2018/08/03 v2.3 Span multiple rows of a table
\multirow@colwidth=\skip79
\multirow@cntb=\count287
\multirow@dima=\skip80
\bigstrutjot=\dimen195
) (/usr/local/texlive/2018/texmf-dist/tex/latex/hyperref/hyperref.sty
Package: hyperref 2018/11/30 v6.88e Hypertext links for LaTeX
 (/usr/local/texlive/2018/texmf-dist/tex/generic/oberdiek/hobsub-hyperref.sty
Package: hobsub-hyperref 2016/05/16 v1.14 Bundle oberdiek, subset hyperref (HO)
 (/usr/local/texlive/2018/texmf-dist/tex/generic/oberdiek/hobsub-generic.sty
Package: hobsub-generic 2016/05/16 v1.14 Bundle oberdiek, subset generic (HO)
Package: hobsub 2016/05/16 v1.14 Construct package bundles (HO)
Package: infwarerr 2016/05/16 v1.4 Providing info/warning/error messages (HO)
Package: ltxcmds 2016/05/16 v1.23 LaTeX kernel commands for general use (HO)
Package: ifluatex 2016/05/16 v1.4 Provides the ifluatex switch (HO)
Package ifluatex Info: LuaTeX not detected.
Package: ifvtex 2016/05/16 v1.6 Detect VTeX and its facilities (HO)
Package ifvtex Info: VTeX not detected.
Package: intcalc 2016/05/16 v1.2 Expandable calculations with integers (HO)
Package: ifpdf 2018/09/07 v3.3 Provides the ifpdf switch
Package: etexcmds 2016/05/16 v1.6 Avoid name clashes with e-TeX commands (HO)
Package etexcmds Info: Could not find \expanded.
(etexcmds)             That can mean that you are not using pdfTeX 1.50 or
(etexcmds)             that some package has redefined \expanded.
(etexcmds)             In the latter case, load this package earlier.
Package: kvsetkeys 2016/05/16 v1.17 Key value parser (HO)
Package: kvdefinekeys 2016/05/16 v1.4 Define keys (HO)
Package: pdftexcmds 2018/09/10 v0.29 Utility functions of pdfTeX for LuaTeX (HO)
Package pdftexcmds Info: LuaTeX not detected.
Package pdftexcmds Info: pdfTeX >= 1.30 not detected.
Package pdftexcmds Info: \pdf@primitive is available.
Package pdftexcmds Info: \pdf@ifprimitive is available.
Package pdftexcmds Info: \pdfdraftmode not found.
Package: pdfescape 2016/05/16 v1.14 Implements pdfTeX's escape features (HO)
Package: bigintcalc 2016/05/16 v1.4 Expandable calculations on big integers (HO)
Package: bitset 2016/05/16 v1.2 Handle bit-vector datatype (HO)
Package: uniquecounter 2016/05/16 v1.3 Provide unlimited unique counter (HO)
)
Package hobsub Info: Skipping package `hobsub' (already loaded).
Package: letltxmacro 2016/05/16 v1.5 Let assignment for LaTeX macros (HO)
Package: hopatch 2016/05/16 v1.3 Wrapper for package hooks (HO)
Package: xcolor-patch 2016/05/16 xcolor patch
Package: atveryend 2016/05/16 v1.9 Hooks at the very end of document (HO)
Package atveryend Info: \enddocument detected (standard20110627).
Package: atbegshi 2016/06/09 v1.18 At begin shipout hook (HO)
Package: refcount 2016/05/16 v3.5 Data extraction from label references (HO)
Package: hycolor 2016/05/16 v1.8 Color options for hyperref/bookmark (HO)
) (/usr/local/texlive/2018/texmf-dist/tex/generic/ifxetex/ifxetex.sty
Package: ifxetex 2010/09/12 v0.6 Provides ifxetex conditional
) (/usr/local/texlive/2018/texmf-dist/tex/latex/oberdiek/auxhook.sty
Package: auxhook 2016/05/16 v1.4 Hooks for auxiliary files (HO)
) (/usr/local/texlive/2018/texmf-dist/tex/latex/oberdiek/kvoptions.sty
Package: kvoptions 2016/05/16 v3.12 Key value format for package options (HO)
)
\@linkdim=\dimen196
\Hy@linkcounter=\count288
\Hy@pagecounter=\count289
 (/usr/local/texlive/2018/texmf-dist/tex/latex/hyperref/pd1enc.def
File: pd1enc.def 2018/11/30 v6.88e Hyperref: PDFDocEncoding definition (HO)
)
\Hy@SavedSpaceFactor=\count290
 (/usr/local/texlive/2018/texmf-dist/tex/latex/latexconfig/hyperref.cfg
File: hyperref.cfg 2002/06/06 v1.2 hyperref configuration of TeXLive
)
Package hyperref Info: Option `unicode' set `true' on input line 4393.
 (/usr/local/texlive/2018/texmf-dist/tex/latex/hyperref/puenc.def
File: puenc.def 2018/11/30 v6.88e Hyperref: PDF Unicode definition (HO)
)
Package hyperref Info: Hyper figures OFF on input line 4519.
Package hyperref Info: Link nesting OFF on input line 4524.
Package hyperref Info: Hyper index ON on input line 4527.
Package hyperref Info: Plain pages OFF on input line 4534.
Package hyperref Info: Backreferencing OFF on input line 4539.
Package hyperref Info: Implicit mode ON; LaTeX internals redefined.
Package hyperref Info: Bookmarks ON on input line 4772.
\c@Hy@tempcnt=\count291
 (/usr/local/texlive/2018/texmf-dist/tex/latex/url/url.sty
\Urlmuskip=\muskip18
Package: url 2013/09/16  ver 3.4  Verb mode for urls, etc.
)
LaTeX Info: Redefining \url on input line 5125.
\XeTeXLinkMargin=\dimen197
\Fld@menulength=\count292
\Field@Width=\dimen198
\Fld@charsize=\dimen199
Package hyperref Info: Hyper figures OFF on input line 6380.
Package hyperref Info: Link nesting OFF on input line 6385.
Package hyperref Info: Hyper index ON on input line 6388.
Package hyperref Info: backreferencing OFF on input line 6395.
Package hyperref Info: Link coloring OFF on input line 6400.
Package hyperref Info: Link coloring with OCG OFF on input line 6405.
Package hyperref Info: PDF/A mode OFF on input line 6410.
LaTeX Info: Redefining \ref on input line 6450.
LaTeX Info: Redefining \pageref on input line 6454.
\Hy@abspage=\count293
\c@Item=\count294
\c@Hfootnote=\count295
)
Package hyperref Info: Driver (autodetected): hxetex.
 (/usr/local/texlive/2018/texmf-dist/tex/latex/hyperref/hxetex.def
File: hxetex.def 2018/11/30 v6.88e Hyperref driver for XeTeX
 (/usr/local/texlive/2018/texmf-dist/tex/generic/oberdiek/stringenc.sty
Package: stringenc 2016/05/16 v1.11 Convert strings between diff. encodings (HO)
)
\pdfm@box=\box55
\c@Hy@AnnotLevel=\count296
\HyField@AnnotCount=\count297
\Fld@listcount=\count298
\c@bookmark@seq@number=\count299
 (/usr/local/texlive/2018/texmf-dist/tex/latex/oberdiek/rerunfilecheck.sty
Package: rerunfilecheck 2016/05/16 v1.8 Rerun checks for auxiliary files (HO)
Package uniquecounter Info: New unique counter `rerunfilecheck' on input line 282.
)
\Hy@SectionHShift=\skip81
)

LaTeX Warning: Unused global option(s):
    [utf8].

(./intro.aux

LaTeX Warning: Label `FW:enc' multiply defined.


LaTeX Warning: Label `FW:dec' multiply defined.


LaTeX Warning: Label `PC:' multiply defined.


LaTeX Warning: Label `PC:' multiply defined.

)
\openout1 = `intro.aux'.

LaTeX Font Info:    Checking defaults for OML/cmm/m/it on input line 29.
LaTeX Font Info:    ... okay on input line 29.
LaTeX Font Info:    Checking defaults for T1/cmr/m/n on input line 29.
LaTeX Font Info:    ... okay on input line 29.
LaTeX Font Info:    Checking defaults for OT1/cmr/m/n on input line 29.
LaTeX Font Info:    ... okay on input line 29.
LaTeX Font Info:    Checking defaults for OMS/cmsy/m/n on input line 29.
LaTeX Font Info:    ... okay on input line 29.
LaTeX Font Info:    Checking defaults for TU/lmr/m/n on input line 29.
LaTeX Font Info:    ... okay on input line 29.
LaTeX Font Info:    Checking defaults for OMX/cmex/m/n on input line 29.
LaTeX Font Info:    ... okay on input line 29.
LaTeX Font Info:    Checking defaults for U/cmr/m/n on input line 29.
LaTeX Font Info:    ... okay on input line 29.
LaTeX Font Info:    Checking defaults for TS1/cmr/m/n on input line 29.
LaTeX Font Info:    ... okay on input line 29.
LaTeX Font Info:    Checking defaults for PD1/pdf/m/n on input line 29.
LaTeX Font Info:    ... okay on input line 29.
LaTeX Font Info:    Checking defaults for PU/pdf/m/n on input line 29.
LaTeX Font Info:    ... okay on input line 29.
 ABD: EverySelectfont initializing macros
LaTeX Info: Redefining \selectfont on input line 29.

Package fontspec Info: Adjusting the maths setup (use [no-math] to avoid
(fontspec)             this).

\symlegacymaths=\mathgroup5
LaTeX Font Info:    Overwriting symbol font `legacymaths' in version `bold'
(Font)                  OT1/cmr/m/n --> OT1/cmr/bx/n on input line 29.
LaTeX Font Info:    Redeclaring math accent \acute on input line 29.
LaTeX Font Info:    Redeclaring math accent \grave on input line 29.
LaTeX Font Info:    Redeclaring math accent \ddot on input line 29.
LaTeX Font Info:    Redeclaring math accent \tilde on input line 29.
LaTeX Font Info:    Redeclaring math accent \bar on input line 29.
LaTeX Font Info:    Redeclaring math accent \breve on input line 29.
LaTeX Font Info:    Redeclaring math accent \check on input line 29.
LaTeX Font Info:    Redeclaring math accent \hat on input line 29.
LaTeX Font Info:    Redeclaring math accent \dot on input line 29.
LaTeX Font Info:    Redeclaring math accent \mathring on input line 29.
LaTeX Font Info:    Redeclaring math symbol \Gamma on input line 29.
LaTeX Font Info:    Redeclaring math symbol \Delta on input line 29.
LaTeX Font Info:    Redeclaring math symbol \Theta on input line 29.
LaTeX Font Info:    Redeclaring math symbol \Lambda on input line 29.
LaTeX Font Info:    Redeclaring math symbol \Xi on input line 29.
LaTeX Font Info:    Redeclaring math symbol \Pi on input line 29.
LaTeX Font Info:    Redeclaring math symbol \Sigma on input line 29.
LaTeX Font Info:    Redeclaring math symbol \Upsilon on input line 29.
LaTeX Font Info:    Redeclaring math symbol \Phi on input line 29.
LaTeX Font Info:    Redeclaring math symbol \Psi on input line 29.
LaTeX Font Info:    Redeclaring math symbol \Omega on input line 29.
LaTeX Font Info:    Redeclaring math symbol \mathdollar on input line 29.
LaTeX Font Info:    Redeclaring symbol font `operators' on input line 29.
LaTeX Font Info:    Encoding `OT1' has changed to `TU' for symbol font
(Font)              `operators' in the math version `normal' on input line 29.
LaTeX Font Info:    Overwriting symbol font `operators' in version `normal'
(Font)                  OT1/cmr/m/n --> TU/lmr/m/n on input line 29.
LaTeX Font Info:    Encoding `OT1' has changed to `TU' for symbol font
(Font)              `operators' in the math version `bold' on input line 29.
LaTeX Font Info:    Overwriting symbol font `operators' in version `bold'
(Font)                  OT1/cmr/bx/n --> TU/lmr/m/n on input line 29.
LaTeX Font Info:    Overwriting symbol font `operators' in version `normal'
(Font)                  TU/lmr/m/n --> TU/lmr/m/n on input line 29.
LaTeX Font Info:    Overwriting math alphabet `\mathit' in version `normal'
(Font)                  OT1/cmr/m/it --> TU/lmr/m/it on input line 29.
LaTeX Font Info:    Overwriting math alphabet `\mathbf' in version `normal'
(Font)                  OT1/cmr/bx/n --> TU/lmr/bx/n on input line 29.
LaTeX Font Info:    Overwriting math alphabet `\mathsf' in version `normal'
(Font)                  OT1/cmss/m/n --> TU/lmss/m/n on input line 29.
LaTeX Font Info:    Overwriting math alphabet `\mathtt' in version `normal'
(Font)                  OT1/cmtt/m/n --> TU/lmtt/m/n on input line 29.
LaTeX Font Info:    Overwriting symbol font `operators' in version `bold'
(Font)                  TU/lmr/m/n --> TU/lmr/bx/n on input line 29.
LaTeX Font Info:    Overwriting math alphabet `\mathit' in version `bold'
(Font)                  OT1/cmr/bx/it --> TU/lmr/bx/it on input line 29.
LaTeX Font Info:    Overwriting math alphabet `\mathsf' in version `bold'
(Font)                  OT1/cmss/bx/n --> TU/lmss/bx/n on input line 29.
LaTeX Font Info:    Overwriting math alphabet `\mathtt' in version `bold'
(Font)                  OT1/cmtt/m/n --> TU/lmtt/bx/n on input line 29.
Package caption Info: Begin \AtBeginDocument code.
Package caption Info: subfig package v1.3 is loaded.
Package caption Info: hyperref package is loaded.
Package caption Info: End \AtBeginDocument code.
\AtBeginShipoutBox=\box56
Package hyperref Info: Link coloring OFF on input line 29.
 (/usr/local/texlive/2018/texmf-dist/tex/latex/hyperref/nameref.sty
Package: nameref 2016/05/21 v2.44 Cross-referencing by name of section
 (/usr/local/texlive/2018/texmf-dist/tex/generic/oberdiek/gettitlestring.sty
Package: gettitlestring 2016/05/16 v1.5 Cleanup title references (HO)
)
\c@section@level=\count300
)
LaTeX Info: Redefining \ref on input line 29.
LaTeX Info: Redefining \pageref on input line 29.
LaTeX Info: Redefining \nameref on input line 29.
 (./intro.out) (./intro.out)
\@outlinefile=\write3
\openout3 = `intro.out'.


Overfull \hbox (187.61612pt too wide) in paragraph at lines 40--41
\TU/lmr/m/n/12 tures,AI: https://zhuanlan.zhihu.com/p/40034222,chapter 6,dct: https://blog.csdn.net/u012596983/article/details/39925333, 
 []

LaTeX Font Info:    Try loading font information for U+rsfs on input line 48.
(/usr/local/texlive/2018/texmf-dist/tex/latex/jknapltx/ursfs.fd
File: ursfs.fd 1998/03/24 rsfs font definition file (jk)
)
Overfull \hbox (5.91377pt too wide) in paragraph at lines 48--50
\TU/FandolSong-Regular(0)/m/n/12 秒 需 要 处 理 的 数 据 量 为 $\OT1/cmr/m/n/12 1280 \OMS/cmsy/m/n/12 ^^B \OT1/cmr/m/n/12 720(\OML/cmm/m/it/12 pixels\OT1/cmr/m/n/12 /\OML/cmm/m/it/12 frame\OT1/cmr/m/n/12 ) \OMS/cmsy/m/n/12 ^^B \OT1/cmr/m/n/12 3(\OML/cmm/m/it/12 Byte\OT1/cmr/m/n/12 /\OML/cmm/m/it/12 pixel\OT1/cmr/m/n/12 ) \OMS/cmsy/m/n/12 ^^B \OT1/cmr/m/n/12 30(\OML/cmm/m/it/12 frames\OT1/cmr/m/n/12 /\OML/cmm/m/it/12 second\OT1/cmr/m/n/12 ) =
 []

LaTeX Font Info:    Font shape `TU/FandolSong-Regular(0)/m/sl' in size <12> not available
(Font)              Font shape `TU/FandolSong-Regular(0)/m/it' tried instead on input line 50.

Package Fancyhdr Warning: \headheight is too small (12.0pt): 
 Make it at least 14.49998pt.
 We now make it that large for the rest of the document.
 This may cause the page layout to be inconsistent, however.

[1

]
Missing character: There is no 、 in font [lmroman12-regular]:mapping=tex-text;!
 [2] [3]

LaTeX Warning: Citation `hevc' on page 4 undefined on input line 88.

(./section/framework.tex
File: pict/FW/Block_diagram.png Graphic file (type bmp)
<pict/FW/Block_diagram.png>
 [4]

LaTeX Warning: Reference `FW:partEnd' on page 5 undefined on input line 18.

[5]

LaTeX Warning: Citation `Chou1989OptimalPW' on page 6 undefined on input line 36.

[6]
File: pict/FW/Partition.png Graphic file (type bmp)
<pict/FW/Partition.png>
 [7] [8]
File: pict/FW/Macro.png Graphic file (type bmp)
<pict/FW/Macro.png>
File: pict/FW/CTU.png Graphic file (type bmp)
<pict/FW/CTU.png>
 [9]

Package fontspec Warning: Font 'FandolFang-Regular' does not contain script
(fontspec)                'CJK'.


Package fontspec Info: Font family 'FandolFang-Regular(0)' created for font
(fontspec)             'FandolFang-Regular' with options
(fontspec)             [Script={CJK},Extension={.otf}].
(fontspec)              
(fontspec)              This font family consists of the following NFSS
(fontspec)             series/shapes:
(fontspec)              
(fontspec)             - 'normal' (m/n) with NFSS spec.:
(fontspec)             <->"[FandolFang-Regular.otf]/OT"
(fontspec)             - 'small caps'  (m/sc) with NFSS spec.: 

File: pict/FW/Prediction1.png Graphic file (type bmp)
<pict/FW/Prediction1.png>
[10]
File: pict/FW/Prediction2.png Graphic file (type bmp)
<pict/FW/Prediction2.png>
 [11]
File: pict/FW/TB.png Graphic file (type bmp)
<pict/FW/TB.png>

Overfull \hbox (4.99484pt too wide) in paragraph at lines 109--117
[]\TU/FandolSong-Regular(0)/m/n/12 如 上 一 章 节 所 述\TU/lmr/m/n/12 , \TU/FandolSong-Regular(0)/m/n/12 在 预 测 残 差 的 变 换 编 码 中\TU/lmr/m/n/12 , \TU/FandolSong-Regular(0)/m/n/12 一 个 \TU/lmr/m/n/12 CB \TU/FandolSong-Regular(0)/m/n/12 可 被 分 解 为 多 个 变 换 块 \TU/lmr/m/n/12 (Trans-
 []

[12] [13]

LaTeX Warning: Citation `23' on page 14 undefined on input line 122.


LaTeX Warning: Citation `24' on page 14 undefined on input line 130.


LaTeX Warning: Citation `30' on page 14 undefined on input line 130.


LaTeX Warning: Citation `25' on page 14 undefined on input line 132.


LaTeX Warning: Citation `5' on page 14 undefined on input line 132.


LaTeX Warning: Citation `25' on page 14 undefined on input line 132.


LaTeX Warning: Citation `38' on page 14 undefined on input line 132.

[14]

LaTeX Warning: Citation `38' on page 15 undefined on input line 134.


LaTeX Warning: Citation `38' on page 15 undefined on input line 134.

File: pict/FW/Encoder.png Graphic file (type bmp)
<pict/FW/Encoder.png>

Underfull \hbox (badness 3108) in paragraph at lines 141--141
[]\TU/FandolSong-Regular(0)/m/n/12 图 \TU/lmr/m/n/12 2.8: |\TU/FandolSong-Regular(0)/m/n/12 编 码 器 流 程[]$[][][][][] [] [] [] [][][][] [] [][][][] [] [][][] [] [][][][][][][][][][][][][][] [] [][][][][][][] [] [][][][][][][] []
 []

File: pict/FW/Decoder.png Graphic file (type bmp)
<pict/FW/Decoder.png>

Underfull \hbox (badness 3108) in paragraph at lines 147--147
[]\TU/FandolSong-Regular(0)/m/n/12 图 \TU/lmr/m/n/12 2.9: |\TU/FandolSong-Regular(0)/m/n/12 译 码 器 流 程[]$[][][][][] [] [] [] [][][][] [] [][][][] [] [][][] [] [][][][][][][][][][][][][][] [] [][][][][][][] [] [][][][][][][] []
 []

) (./section/prediction/intra.tex
File: pict/PC/Intra/1.png Graphic file (type bmp)
<pict/PC/Intra/1.png>
 [15] [16] [17]
File: pict/PC/Intra/2.png Graphic file (type bmp)
<pict/PC/Intra/2.png>
 [18]
File: pict/PC/Intra/33.png Graphic file (type bmp)
<pict/PC/Intra/33.png>
File: pict/PC/Intra/4.png Graphic file (type bmp)
<pict/PC/Intra/4.png>
 [19]
File: pict/PC/Intra/5.png Graphic file (type bmp)
<pict/PC/Intra/5.png>
 [20]
File: pict/PC/Intra/6.png Graphic file (type bmp)
<pict/PC/Intra/6.png>
 [21] [22]
File: pict/PC/Intra/7.png Graphic file (type bmp)
<pict/PC/Intra/7.png>
File: pict/PC/Intra/8.png Graphic file (type bmp)
<pict/PC/Intra/8.png>
 [23]
File: pict/PC/Intra/9.png Graphic file (type bmp)
<pict/PC/Intra/9.png>
 [24]
File: pict/PC/Intra/10.png Graphic file (type bmp)
<pict/PC/Intra/10.png>
 [25]
File: pict/PC/Intra/11.png Graphic file (type bmp)
<pict/PC/Intra/11.png>
 [26]
Underfull \hbox (badness 10000) in paragraph at lines 212--214

 []

[27]
Missing character: There is no （ in font [lmroman12-regular]:mapping=tex-text;!
File: pict/PC/Intra/12.png Graphic file (type bmp)
<pict/PC/Intra/12.png>
) (./section/prediction/inter.tex
File: pict/PC/Inter/1.png Graphic file (type bmp)
<pict/PC/Inter/1.png>
 [28] [29]
File: pict/PC/Inter/2.png Graphic file (type bmp)
<pict/PC/Inter/2.png>
File: pict/PC/Inter/3.png Graphic file (type bmp)
<pict/PC/Inter/3.png>
 [30]
Missing character: There is no 。 in font [lmroman12-regular]:mapping=tex-text;!
File: pict/PC/Inter/4.png Graphic file (type bmp)
<pict/PC/Inter/4.png>
 [31]
Missing character: There is no ， in font [lmroman12-regular]:mapping=tex-text;!
Missing character: There is no ， in font [lmroman12-regular]:mapping=tex-text;!
File: pict/PC/Inter/5.png Graphic file (type bmp)
<pict/PC/Inter/5.png>
 [32]
File: pict/PC/Inter/6.png Graphic file (type bmp)
<pict/PC/Inter/6.png>
 [33]
File: pict/PC/Inter/7.png Graphic file (type bmp)
<pict/PC/Inter/7.png>
 [34]
File: pict/PC/Inter/8.png Graphic file (type bmp)
<pict/PC/Inter/8.png>
 [35]
File: pict/PC/Inter/9.png Graphic file (type bmp)
<pict/PC/Inter/9.png>
 [36]
Underfull \hbox (badness 10000) in paragraph at lines 122--123

 []

[37]
File: pict/PC/Inter/10.png Graphic file (type bmp)
<pict/PC/Inter/10.png>
File: pict/PC/Inter/11.png Graphic file (type bmp)
<pict/PC/Inter/11.png>
 [38]
File: pict/PC/Inter/12.png Graphic file (type bmp)
<pict/PC/Inter/12.png>
 [39]) (./section/dct.tex [40]
File: pict/TQ/K-Luncompressed.png Graphic file (type bmp)
<pict/TQ/K-Luncompressed.png>
File: pict/TQ/K-Ltest_result1.png Graphic file (type bmp)
<pict/TQ/K-Ltest_result1.png>
File: pict/TQ/K-Ltest_result2.png Graphic file (type bmp)
<pict/TQ/K-Ltest_result2.png>
File: pict/TQ/K-Ltest_result3.png Graphic file (type bmp)
<pict/TQ/K-Ltest_result3.png>
 [41] [42]
File: pict/TQ/DCT-8x8.png Graphic file (type bmp)
<pict/TQ/DCT-8x8.png>
File: pict/TQ/ori.png Graphic file (type bmp)
<pict/TQ/ori.png>
File: pict/TQ/hist.png Graphic file (type bmp)
<pict/TQ/hist.png>
File: pict/TQ/spatialDist.png Graphic file (type bmp)
<pict/TQ/spatialDist.png>
File: pict/TQ/astronaut.png Graphic file (type bmp)
<pict/TQ/astronaut.png>
File: pict/TQ/rec_42_63_515.png Graphic file (type bmp)
<pict/TQ/rec_42_63_515.png>
File: pict/TQ/rec_36_25_280.png Graphic file (type bmp)
<pict/TQ/rec_36_25_280.png>
File: pict/TQ/rec_28_10_0527.png Graphic file (type bmp)
<pict/TQ/rec_28_10_0527.png>
 [43] [44] [45]

LaTeX Warning: Citation `hevc' on page 46 undefined on input line 97.

File: pict/TQ/mat.png Graphic file (type bmp)
<pict/TQ/mat.png>
[46] [47] [48] [49] [50]
File: pict/TQ/DCT4.png Graphic file (type bmp)
<pict/TQ/DCT4.png>
 [51]
File: pict/TQ/DCT5.png Graphic file (type bmp)
<pict/TQ/DCT5.png>
 [52]) (./section/loopFilter.tex

Package caption Warning: \label without proper reference on input line 5.
See the caption package documentation for explanation.


LaTeX Warning: Reference `LF:pic1' on page 53 undefined on input line 1.

File: pict/LF/DEBLOCK0.PNG Graphic file (type bmp)
<pict/LF/DEBLOCK0.PNG>
[53] [54]
Missing character: There is no 、 in font [lmroman12-regular]:mapping=tex-text;!
Missing character: There is no 、 in font [lmroman12-regular]:mapping=tex-text;!
Missing character: There is no 、 in font [lmroman12-regular]:mapping=tex-text;!
Missing character: There is no 、 in font [lmroman12-regular]:mapping=tex-text;!
Missing character: There is no 、 in font [lmroman12-regular]:mapping=tex-text;!
Missing character: There is no 、 in font [lmroman12-regular]:mapping=tex-text;!
Missing character: There is no 、 in font [lmroman12-regular]:mapping=tex-text;!


Package caption Warning: \label without proper reference on input line 34.
See the caption package documentation for explanation.


LaTeX Warning: Reference `LF:pic2' on page 55 undefined on input line 30.

File: pict/LF/DEBLOCK1.png Graphic file (type bmp)
<pict/LF/DEBLOCK1.png>
[55] [56]
Overfull \hbox (50.92593pt too wide) in paragraph at lines 66--92
[][]
 []


Overfull \hbox (29.30199pt too wide) in paragraph at lines 66--92
[] 
 []

[57]
Overfull \hbox (47.58801pt too wide) in paragraph at lines 120--146
[][]
 []

[58] [59]

Package caption Warning: \label without proper reference on input line 202.
See the caption package documentation for explanation.


LaTeX Warning: Reference `LF:pic3' on page 60 undefined on input line 198.

File: pict/LF/DEBLOCK4.png Graphic file (type bmp)
<pict/LF/DEBLOCK4.png>

Package caption Warning: \label without proper reference on input line 209.
See the caption package documentation for explanation.


LaTeX Warning: Reference `LF:pic4' on page 60 undefined on input line 205.

File: pict/LF/DEBLOCK5.png Graphic file (type bmp)
<pict/LF/DEBLOCK5.png>
[60]

Package caption Warning: \label without proper reference on input line 216.
See the caption package documentation for explanation.


LaTeX Warning: Reference `LF:pic5' on page 61 undefined on input line 212.

File: pict/LF/DEBLOCK6.png Graphic file (type bmp)
<pict/LF/DEBLOCK6.png>

Overfull \hbox (129.58015pt too wide) in paragraph at lines 224--226
[]\TU/FandolSong-Regular(0)/m/n/12 对 边 界 \TU/lmr/m/n/12 a \TU/FandolSong-Regular(0)/m/n/12 进 行 判 断，|  如 果 边 界 \TU/lmr/m/n/12 a \TU/FandolSong-Regular(0)/m/n/12 不 满 足 三 种 情 况  |（\TU/lmr/m/n/12 a \TU/FandolSong-Regular(0)/m/n/12 为 图 像 的 左 边 界，| \TU/lmr/m/n/12 loop_filter_across_titles_enabled_flag
 []

[61]
File: pict/LF/DEBLOCK7.png Graphic file (type bmp)
<pict/LF/DEBLOCK7.png>
File: pict/LF/DEBLOCK8.png Graphic file (type bmp)
<pict/LF/DEBLOCK8.png>


Package caption Warning: \label without proper reference on input line 249.
See the caption package documentation for explanation.


LaTeX Warning: Reference `LF:pic9' on page 62 undefined on input line 245.

File: pict/LF/DEBLOCK9.png Graphic file (type bmp)
<pict/LF/DEBLOCK9.png>
[62]

Package caption Warning: \label without proper reference on input line 256.
See the caption package documentation for explanation.


LaTeX Warning: Reference `LF:pic10' on page 63 undefined on input line 252.

File: pict/LF/DEBLOCK10.png Graphic file (type bmp)
<pict/LF/DEBLOCK10.png>
[63]
Overfull \vbox (97.8708pt too high) has occurred while \output is active []

 [64]

LaTeX Warning: Command \d invalid in math mode on input line 259.


Package caption Warning: \label without proper reference on input line 279.
See the caption package documentation for explanation.


LaTeX Warning: Reference `LF:pic11' on page 65 undefined on input line 275.

File: pict/LF/SAO1.png Graphic file (type bmp)
<pict/LF/SAO1.png>
[65]
File: pict/LF/SAO2.PNG Graphic file (type bmp)
<pict/LF/SAO2.PNG>


LaTeX Warning: Reference `LF:pic13' on page 66 undefined on input line 307.

File: pict/LF/SAO3.PNG Graphic file (type bmp)
<pict/LF/SAO3.PNG>

LaTeX Warning: Reference `LF:pic13' on page 66 undefined on input line 312.

[66]
File: pict/LF/SAO4.PNG Graphic file (type bmp)
<pict/LF/SAO4.PNG>
) (./section/entropyEncoding.tex

LaTeX Warning: Citation `HEVC' on page 67 undefined on input line 1.

[67] [68]

LaTeX Warning: Citation `Shannon' on page 69 undefined on input line 4.


LaTeX Warning: Citation `Information_Theory' on page 69 undefined on input line 12.

[69]
File: pict/EC/Arithmetic_coding_visualisation_circle.png Graphic file (type bmp)
<pict/EC/Arithmetic_coding_visualisation_circle.png>


LaTeX Warning: Citation `hevc' on page 70 undefined on input line 50.

[70] [71]
File: pict/EC/Block_Diagram.png Graphic file (type bmp)
<pict/EC/Block_Diagram.png>
 [72]
Overfull \hbox (28.41232pt too wide) in paragraph at lines 95--96
\TU/FandolSong-Regular(0)/m/n/12 由 一 个 长 为 $\OML/cmm/m/it/12 l[] \OT1/cmr/m/n/12 + 1$ \TU/FandolSong-Regular(0)/m/n/12 的 一 元 码 字 与 长 为 $\OML/cmm/m/it/12 l[] \OT1/cmr/m/n/12 + \OML/cmm/m/it/12 k$ \TU/FandolSong-Regular(0)/m/n/12 的 后 缀 组 成\TU/lmr/m/n/12 , \TU/FandolSong-Regular(0)/m/n/12 其 中 $\OML/cmm/m/it/12 l[] \OT1/cmr/m/n/12 = []$ 
 []


LaTeX Warning: Citation `98' on page 73 undefined on input line 99.

[73]

LaTeX Warning: Citation `1' on page 74 undefined on input line 119.


LaTeX Warning: Citation `78' on page 74 undefined on input line 119.


Overfull \hbox (6.11212pt too wide) in paragraph at lines 118--120
\TU/FandolSong-Regular(0)/m/n/12 且 使 用 合 理 的 量 化 将 其 分 为 \TU/lmr/m/n/12 63 \TU/FandolSong-Regular(0)/m/n/12 种 状 态\TU/lmr/m/n/12 , \TU/FandolSong-Regular(0)/m/n/12 来 得 到 一 有 限 状 态 机 \TU/lmr/m/n/12 (Finite-state Machine,FSM),
 []

[74]

LaTeX Warning: Citation `43' on page 75 undefined on input line 133.


LaTeX Warning: Citation `45' on page 75 undefined on input line 133.

[75]

LaTeX Warning: Citation `48' on page 76 undefined on input line 147.


LaTeX Warning: Citation `47' on page 76 undefined on input line 147.


LaTeX Warning: Citation `48' on page 76 undefined on input line 147.

[76]
Overfull \hbox (4.26804pt too wide) in paragraph at lines 180--195
 [] 
 []


LaTeX Warning: Float too large for page by 75.84367pt on input line 257.

[77])
No file intro.bbl.
Package atveryend Info: Empty hook `BeforeClearDocument' on input line 104.
[78] [79]
Package atveryend Info: Empty hook `AfterLastShipout' on input line 104.
 (./intro.aux)
Package atveryend Info: Empty hook `AtVeryEndDocument' on input line 104.
Package atveryend Info: Executing hook `AtEndAfterFileList' on input line 104.
Package rerunfilecheck Info: File `intro.out' has not changed.
(rerunfilecheck)             Checksum: 97F280BBECFCA225CDD4F9A523C86990.


LaTeX Warning: There were undefined references.


LaTeX Warning: There were multiply-defined labels.

Package atveryend Info: Empty hook `AtVeryVeryEnd' on input line 104.
 ) 
Here is how much of TeX's memory you used:
 25163 strings out of 492956
 508972 string characters out of 6133502
 607401 words of memory out of 5000000
 28864 multiletter control sequences out of 15000+600000
 536924 words of font info for 68 fonts, out of 8000000 for 9000
 1348 hyphenation exceptions out of 8191
 52i,15n,74p,879b,490s stack positions out of 5000i,500n,10000p,200000b,80000s

Output written on intro.pdf (79 pages).
